[2026-03-24T17:41:41.447433+01:00] RacoinApp.INFO: REQUÊTE : GET http: [] []
[2026-03-24T17:41:50.670962+01:00] RacoinApp.INFO: RÉPONSE : 500 [] []
[2026-03-24T16:47:57.339224+00:00] RacoinApp.INFO: REQUÊTE : GET http://localhost:8080/add [] []
[2026-03-24T16:47:58.639718+00:00] RacoinApp.INFO: RÉPONSE : 200 [] []
[2026-03-24T16:48:00.431948+00:00] RacoinApp.INFO: REQUÊTE : GET http://localhost:8080/search [] []
[2026-03-24T16:48:01.301337+00:00] RacoinApp.INFO: RÉPONSE : 200 [] []
[2026-03-24T16:48:05.294574+00:00] RacoinApp.INFO: REQUÊTE : POST http://localhost:8080/search [] []
[2026-03-24T16:48:05.995803+00:00] RacoinApp.INFO: RÉPONSE : 200 [] []
[2026-03-24T16:48:06.380891+00:00] RacoinApp.INFO: REQUÊTE : POST http://localhost:8080/search [] []
[2026-03-24T16:48:06.773803+00:00] RacoinApp.INFO: RÉPONSE : 200 [] []
[2026-03-24T16:48:09.800161+00:00] RacoinApp.INFO: REQUÊTE : GET http://localhost:8080/add [] []
[2026-03-24T16:48:10.636533+00:00] RacoinApp.INFO: RÉPONSE : 200 [] []
[2026-03-24T16:49:07.927330+00:00] RacoinApp.INFO: REQUÊTE : GET http://localhost:8080/search [] []
[2026-03-24T16:49:08.805623+00:00] RacoinApp.INFO: RÉPONSE : 200 [] []
[2026-03-24T16:49:13.445267+00:00] RacoinApp.INFO: REQUÊTE : POST http://localhost:8080/search [] []
[2026-03-24T16:49:14.532947+00:00] RacoinApp.INFO: RÉPONSE : 200 [] []
[2026-03-24T16:49:25.701665+00:00] RacoinApp.INFO: REQUÊTE : GET http://localhost:8080/cat/2 [] []
[2026-03-24T16:49:26.648042+00:00] RacoinApp.INFO: RÉPONSE : 200 [] []
[2026-03-24T16:49:29.178816+00:00] RacoinApp.INFO: REQUÊTE : GET http://localhost:8080/item/2 [] []
[2026-03-24T16:49:30.458922+00:00] RacoinApp.INFO: RÉPONSE : 200 [] []
[2026-03-24T16:51:06.169167+00:00] RacoinApp.INFO: REQUÊTE : GET http://localhost:8080/del/2 [] []
[2026-03-24T16:51:07.203787+00:00] RacoinApp.INFO: RÉPONSE : 200 [] []
[2026-03-24T16:51:10.935750+00:00] RacoinApp.INFO: REQUÊTE : GET http://localhost:8080/add [] []
[2026-03-24T16:51:11.799158+00:00] RacoinApp.INFO: RÉPONSE : 200 [] []
[2026-03-24T16:51:22.030707+00:00] RacoinApp.INFO: REQUÊTE : GET http://localhost:8080/search [] []
[2026-03-24T16:51:22.880876+00:00] RacoinApp.INFO: RÉPONSE : 200 [] []
[2026-03-24T16:51:29.579014+00:00] RacoinApp.INFO: REQUÊTE : POST http://localhost:8080/search [] []
[2026-03-24T16:51:30.506550+00:00] RacoinApp.INFO: RÉPONSE : 200 [] []
[2026-03-24T16:51:31.009749+00:00] RacoinApp.INFO: REQUÊTE : POST http://localhost:8080/search [] []
[2026-03-24T16:51:31.501016+00:00] RacoinApp.INFO: RÉPONSE : 200 [] []
[2026-03-24T16:51:33.883603+00:00] RacoinApp.INFO: REQUÊTE : GET http://localhost:8080/item/1 [] []
[2026-03-24T16:51:35.004239+00:00] RacoinApp.INFO: RÉPONSE : 200 [] []
[2026-03-24T16:52:16.825720+00:00] RacoinApp.INFO: REQUÊTE : GET http://localhost:8080/del/1 [] []
[2026-03-24T16:52:17.643728+00:00] RacoinApp.INFO: RÉPONSE : 200 [] []
[2026-03-24T16:52:56.908489+00:00] RacoinApp.INFO: REQUÊTE : POST http://localhost:8080/del/1 [] []
[2026-03-24T16:52:57.779790+00:00] RacoinApp.INFO: RÉPONSE : 200 [] []
[2026-03-24T16:53:57.029464+00:00] RacoinApp.INFO: REQUÊTE : POST http://localhost:8080/del/1 [] []
[2026-03-24T16:53:58.290417+00:00] RacoinApp.INFO: RÉPONSE : 200 [] []
[2026-03-24T16:54:31.818741+00:00] RacoinApp.INFO: REQUÊTE : POST http://localhost:8080/del/1 [] []
[2026-03-24T16:54:32.671172+00:00] RacoinApp.INFO: RÉPONSE : 200 [] []
[2026-03-24T17:00:50.882072+00:00] RacoinApp.INFO: REQUÊTE : POST http://localhost:8080/del/1 [] []
[2026-03-24T17:00:52.643398+00:00] RacoinApp.INFO: RÉPONSE : 200 [] []
[2026-03-24T22:31:34.689393+00:00] RacoinApp.INFO: REQUÊTE : GET http://localhost:8080/ [] []
[2026-03-24T22:31:36.435321+00:00] RacoinApp.INFO: RÉPONSE : 200 [] []
[2026-03-24T22:31:43.724884+00:00] RacoinApp.INFO: REQUÊTE : GET http://localhost:8080/item/2 [] []
[2026-03-24T22:31:44.353588+00:00] RacoinApp.INFO: RÉPONSE : 200 [] []
[2026-03-24T22:31:49.656160+00:00] RacoinApp.INFO: REQUÊTE : GET http://localhost:8080/cat/4 [] []
[2026-03-24T22:31:50.332257+00:00] RacoinApp.INFO: RÉPONSE : 200 [] []
[2026-03-24T22:31:53.738094+00:00] RacoinApp.INFO: REQUÊTE : GET http://localhost:8080/cat/2 [] []
[2026-03-24T22:31:54.396926+00:00] RacoinApp.INFO: RÉPONSE : 200 [] []
[2026-03-24T22:31:57.759668+00:00] RacoinApp.INFO: REQUÊTE : GET http://localhost:8080/cat/3 [] []
[2026-03-24T22:31:58.422178+00:00] RacoinApp.INFO: RÉPONSE : 200 [] []
[2026-03-24T22:31:59.562914+00:00] RacoinApp.INFO: REQUÊTE : GET http://localhost:8080/cat/1 [] []
[2026-03-24T22:31:59.904691+00:00] RacoinApp.INFO: RÉPONSE : 200 [] []
[2026-03-24T22:32:01.383554+00:00] RacoinApp.INFO: REQUÊTE : GET http://localhost:8080/cat/2 [] []
[2026-03-24T22:32:02.072590+00:00] RacoinApp.INFO: RÉPONSE : 200 [] []
[2026-03-24T22:32:02.999676+00:00] RacoinApp.INFO: REQUÊTE : GET http://localhost:8080/item/2 [] []
[2026-03-24T22:32:03.275155+00:00] RacoinApp.INFO: RÉPONSE : 200 [] []
[2026-03-24T22:32:06.051983+00:00] RacoinApp.INFO: REQUÊTE : GET http://localhost:8080/del/2 [] []
[2026-03-24T22:32:06.681373+00:00] RacoinApp.INFO: RÉPONSE : 200 [] []
[2026-03-24T22:32:22.977354+00:00] RacoinApp.INFO: REQUÊTE : POST http://localhost:8080/del/2 [] []
[2026-03-24T22:32:23.582940+00:00] RacoinApp.INFO: RÉPONSE : 200 [] []
[2026-03-24T22:32:26.968017+00:00] RacoinApp.INFO: REQUÊTE : POST http://localhost:8080/del/2 [] []
[2026-03-24T22:32:27.590654+00:00] RacoinApp.INFO: RÉPONSE : 200 [] []
